<?xml version="1.0" encoding="UTF-8"?>
<!-- Generated by org.testng.reporters.JUnitReportReporter -->
<testsuite hostname="IM-LP-115" failures="0" tests="2" name="mmt.Tests.SearchFlight" time="22.520" errors="0" timestamp="09 Sep 2019 13:33:56 GMT" skipped="1">
  <testcase classname="mmt.Tests.SearchFlight" name="searchFlights" time="22.520"/>
  <testcase classname="mmt.Tests.SearchFlight" name="homePageTitleTest">
    <skipped/>
  </testcase> <!-- homePageTitleTest -->
</testsuite> <!-- mmt.Tests.SearchFlight -->
