<?xml version="1.0" encoding="UTF-8"?>
<!-- Generated by org.testng.reporters.JUnitReportReporter -->
<testsuite hostname="IM-LP-115" failures="0" tests="1" name="mmt.Tests.FlightResultsTest" time="28.723" errors="0" timestamp="12 Sep 2019 14:52:18 GMT" skipped="0">
  <testcase classname="mmt.Tests.FlightResultsTest" name="getCountofNonStopDepartureFlights" time="28.723"/>
</testsuite> <!-- mmt.Tests.FlightResultsTest -->
